mariadbd, Version: 10.11.6-MariaDB-log (Alpine Linux). started with:
Tcp port: 0  Unix socket: (null)
Time		    Id Command	Argument
240611 12:51:49	     3 Connect	root@wordp.inception_mynet on  using TCP/IP
		     3 Connect	Access denied for user 'root'@'wordp.inception_mynet' (using password: NO)
240611 12:52:52	     4 Connect	root@localhost on  using Socket
		     4 Connect	Access denied for user 'root'@'localhost' (using password: YES)
240611 12:53:01	     5 Connect	root@localhost on  using Socket
		     5 Query	show create user root@localhost
		     5 Quit	
240611 12:53:59	     6 Connect	root@localhost on  using Socket
		     6 Query	FLUSH PRIVILEGES
		     6 Quit	
240611 12:54:04	     7 Connect	root@wordp.inception_mynet on  using TCP/IP
		     7 Connect	Access denied for user 'root'@'wordp.inception_mynet' (using password: NO)
240611 12:54:24	     8 Connect	root@wordp.inception_mynet on  using TCP/IP
		     8 Connect	Access denied for user 'root'@'wordp.inception_mynet' (using password: NO)
240611 12:55:11	     9 Connect	root@wordp.inception_mynet on  using TCP/IP
		     9 Query	select @@version_comment limit 1
240611 12:57:25	     9 Quit	
240611 12:58:20	    10 Connect	root@wordp.inception_mynet on test using TCP/IP
		    10 Connect	Access denied for user 'root'@'wordp.inception_mynet' (using password: NO)
240611 13:02:16	    11 Connect	root@wordp.inception_mynet on  using TCP/IP
		    11 Connect	Access denied for user 'root'@'wordp.inception_mynet' (using password: NO)
240611 13:02:28	    12 Connect	root@wordp.inception_mynet on  using TCP/IP
		    12 Query	select @@version_comment limit 1
240611 13:03:53	    12 Quit	
240611 13:04:56	    13 Connect	root@localhost on  using Socket
		    13 Quit	
240611 13:05:06	    14 Connect	root@localhost on  using Socket
		    14 Query	set sql_log_off=1
		    14 Quit	
240611 13:06:26	    15 Connect	root@wordp.inception_mynet on  using TCP/IP
		    15 Connect	Access denied for user 'root'@'wordp.inception_mynet' (using password: NO)
240611 13:06:32	    16 Connect	root@wordp.inception_mynet on  using TCP/IP
		    16 Query	select @@version_comment limit 1
240611 13:06:36	    16 Quit	
