mariadbd, Version: 10.11.6-MariaDB-log (Alpine Linux). started with:
Tcp port: 0  Unix socket: (null)
Time		    Id Command	Argument
240611 10:41:15	     4 Connect	root@localhost on  using Socket
		     4 Query	select @@version_comment limit 1
240611 10:41:57	     4 Query	SELECT USER, Host From mysql.user WHERE Host <> 'localhost'
240611 10:45:50	     4 Query	GRANT ALL PRIVILEGES ON *.* TO 'root'@'192.168.100.%'
IDENTIFIED BY 'toor' WITH GRANT OPTION
240611 10:46:06	     4 Query	SELECT USER, Host From mysql.user WHERE Host <> 'localhost'
240611 10:46:47	     4 Quit	
240611 10:49:58	     6 Connect	root@localhost on  using Socket
		     6 Query	select @@version_comment limit 1
240611 10:50:02	     6 Query	SELECT USER, Host From mysql.user WHERE Host <> 'localhost'
240611 10:50:26	     6 Quit	
240611 10:58:42	    15 Connect	root@localhost on  using Socket
		    15 Query	select @@version_comment limit 1
240611 10:58:44	    15 Query	SELECT USER, Host From mysql.user WHERE Host <> 'localhost'
240611 10:59:46	    15 Query	SHOW DATABASES
240611 11:01:30	    15 Query	SHOW USERS
240611 11:01:35	    15 Query	SHOW USER
240611 11:03:03	    15 Query	SELECT User FROM mysql.user
240611 11:03:39	    15 Query	SELECT USER, Host From mysql.user WHERE Host <> 'localhost'
240611 11:08:09	    15 Quit	
